Log file open, 04/27/20 12:49:04
LogWindows: Failed to load 'aqProf.dll' (GetLastError=126)
LogWindows: File 'aqProf.dll' does not exist
LogWindows: Failed to load 'VtuneApi.dll' (GetLastError=126)
LogWindows: File 'VtuneApi.dll' does not exist
LogWindows: Failed to load 'VtuneApi32e.dll' (GetLastError=126)
LogWindows: File 'VtuneApi32e.dll' does not exist
LogConsoleResponse: Display: Failed to find resolution value strings in scalability ini. Falling back to default.
LogInit: Display: Running engine for game: SolarSailer
LogPakFile: Registered encryption key '00000000000000000000000000000000': 0 pak files mounted, 0 remain pending
LogPlatformFile: Not using cached read wrapper
LogTaskGraph: Started task graph with 5 named threads and 35 total threads with 3 sets of task threads.
LogStats: Stats thread started at 0.401842
LogD3D11RHI: Loaded GFSDK_Aftermath_Lib.x64.dll
LogICUInternationalization: ICU TimeZone Detection - Raw Offset: +0:00, Platform Override: ''
LogPluginManager: Mounting plugin Paper2D
LogPluginManager: Mounting plugin AISupport
LogPluginManager: Mounting plugin LightPropagationVolume
LogPluginManager: Mounting plugin ActorLayerUtilities
LogPluginManager: Mounting plugin AnimationSharing
LogPluginManager: Mounting plugin CLionSourceCodeAccess
LogPluginManager: Mounting plugin CodeLiteSourceCodeAccess
LogPluginManager: Mounting plugin GitSourceControl
LogPluginManager: Mounting plugin KDevelopSourceCodeAccess
LogPluginManager: Mounting plugin NullSourceCodeAccess
LogPluginManager: Mounting plugin PerforceSourceControl
LogPluginManager: Mounting plugin SubversionSourceControl
LogPluginManager: Mounting plugin UObjectPlugin
LogPluginManager: Mounting plugin VisualStudioCodeSourceCodeAccess
LogPluginManager: Mounting plugin VisualStudioSourceCodeAccess
LogPluginManager: Mounting plugin XCodeSourceCodeAccess
LogPluginManager: Mounting plugin AssetManagerEditor
LogPluginManager: Mounting plugin CryptoKeys
LogPluginManager: Mounting plugin DataValidation
LogPluginManager: Mounting plugin FacialAnimation
LogPluginManager: Mounting plugin GameplayTagsEditor
LogPluginManager: Mounting plugin MacGraphicsSwitching
LogPluginManager: Mounting plugin MaterialAnalyzer
LogPluginManager: Mounting plugin MobileLauncherProfileWizard
LogPluginManager: Mounting plugin PluginBrowser
LogPluginManager: Mounting plugin SpeedTreeImporter
LogPluginManager: Mounting plugin DatasmithContent
LogPluginManager: Mounting plugin VariantManagerContent
LogPluginManager: Mounting plugin AlembicImporter
LogPluginManager: Mounting plugin AppleImageUtils
LogPluginManager: Mounting plugin AppleVision
LogPluginManager: Mounting plugin BackChannel
LogPluginManager: Mounting plugin CharacterAI
LogPluginManager: Mounting plugin GeometryCache
LogPluginManager: Mounting plugin HTML5Networking
LogPluginManager: Mounting plugin ProxyLODPlugin
LogPluginManager: Mounting plugin SkeletalReduction
LogPluginManager: Mounting plugin MagicLeap
LogPluginManager: Mounting plugin MagicLeapMedia
LogPluginManager: Mounting plugin AndroidMedia
LogPluginManager: Mounting plugin AvfMedia
LogPluginManager: Mounting plugin ImgMedia
LogPluginManager: Mounting plugin LinearTimecode
LogPluginManager: Mounting plugin MediaCompositing
LogPluginManager: Mounting plugin MediaPlayerEditor
LogPluginManager: Mounting plugin WebMMedia
LogPluginManager: Mounting plugin WmfMedia
LogPluginManager: Mounting plugin TcpMessaging
LogPluginManager: Mounting plugin UdpMessaging
LogPluginManager: Mounting plugin ActorSequence
LogPluginManager: Mounting plugin LevelSequenceEditor
LogPluginManager: Mounting plugin MatineeToLevelSequence
LogPluginManager: Mounting plugin NetcodeUnitTest
LogPluginManager: Mounting plugin NUTUnrealEngine4
LogPluginManager: Mounting plugin OnlineSubsystemGooglePlay
LogPluginManager: Mounting plugin OnlineSubsystemIOS
LogPluginManager: Mounting plugin OnlineSubsystem
LogPluginManager: Mounting plugin OnlineSubsystemNull
LogPluginManager: Mounting plugin OnlineSubsystemUtils
LogPluginManager: Mounting plugin LauncherChunkInstaller
LogPluginManager: Mounting plugin AndroidDeviceProfileSelector
LogPluginManager: Mounting plugin AndroidMoviePlayer
LogPluginManager: Mounting plugin AndroidPermission
LogPluginManager: Mounting plugin AppleMoviePlayer
LogPluginManager: Mounting plugin ArchVisCharacter
LogPluginManager: Mounting plugin AudioCapture
LogPluginManager: Mounting plugin CableComponent
LogPluginManager: Mounting plugin CustomMeshComponent
LogPluginManager: Mounting plugin EditableMesh
LogPluginManager: Mounting plugin ExampleDeviceProfileSelector
LogPluginManager: Mounting plugin Firebase
LogPluginManager: Mounting plugin GoogleCloudMessaging
LogPluginManager: Mounting plugin IOSDeviceProfileSelector
LogPluginManager: Mounting plugin LinuxDeviceProfileSelector
LogPluginManager: Mounting plugin LocationServicesBPLibrary
LogPluginManager: Mounting plugin MobilePatchingUtils
LogPluginManager: Mounting plugin OculusVR
LogPluginManager: Mounting plugin PhysXVehicles
LogPluginManager: Mounting plugin ProceduralMeshComponent
LogPluginManager: Mounting plugin RuntimePhysXCooking
LogPluginManager: Mounting plugin SignificanceManager
LogPluginManager: Mounting plugin SteamVR
LogPluginManager: Mounting plugin WebMMoviePlayer
LogPluginManager: Mounting plugin WindowsMoviePlayer
LogInit: Using libcurl 7.55.1-DEV
LogInit:  - built for x86_64-pc-win32
LogInit:  - supports SSL with OpenSSL/1.1.1
LogInit:  - supports HTTP deflate (compression) using libz 1.2.8
LogInit:  - other features:
LogInit:      CURL_VERSION_SSL
LogInit:      CURL_VERSION_LIBZ
LogInit:      CURL_VERSION_IPV6
LogInit:      CURL_VERSION_ASYNCHDNS
LogInit:      CURL_VERSION_LARGEFILE
LogInit:      CURL_VERSION_IDN
LogInit:  CurlRequestOptions (configurable via config and command line):
LogInit:  - bVerifyPeer = true  - Libcurl will verify peer certificate
LogInit:  - bUseHttpProxy = false  - Libcurl will NOT use HTTP proxy
LogInit:  - bDontReuseConnections = false  - Libcurl will reuse connections
LogInit:  - MaxHostConnections = 16  - Libcurl will limit the number of connections to a host
LogInit:  - LocalHostAddr = Default
LogInit:  - BufferSize = 65536
LogInit: WinSock: version 1.1 (2.2), MaxSocks=32767, MaxUdp=65467
LogInit: Build: ++UE4+Release-4.22-CL-7053642
LogInit: Engine Version: 4.22.3-7053642+++UE4+Release-4.22
LogInit: Compatible Engine Version: 4.22.0-5660361+++UE4+Release-4.22
LogInit: Net CL: 5660361
LogInit: OS: Windows 10 (Release 1903) (), CPU: AMD Ryzen 5 3600 6-Core Processor              , GPU: NVIDIA GeForce GTX 1060 6GB
LogInit: Compiled (64-bit): Jun 18 2019 03:09:11
LogInit: Compiled with Visual C++: 19.16.27025.01
LogInit: Build Configuration: Development
LogInit: Branch Name: ++UE4+Release-4.22
LogInit: Command Line: 
LogInit: Base Directory: E:/Unreal Engine/UE_4.22/Engine/Binaries/Win64/
LogInit: Installed Engine Build: 1
LogDevObjectVersion: Number of dev versions registered: 23
LogDevObjectVersion:   Dev-Blueprints (B0D832E4-1F89-4F0D-ACCF-7EB736FD4AA2): 10
LogDevObjectVersion:   Dev-Build (E1C64328-A22C-4D53-A36C-8E866417BD8C): 0
LogDevObjectVersion:   Dev-Core (375EC13C-06E4-48FB-B500-84F0262A717E): 3
LogDevObjectVersion:   Dev-Editor (E4B068ED-F494-42E9-A231-DA0B2E46BB41): 30
LogDevObjectVersion:   Dev-Framework (CFFC743F-43B0-4480-9391-14DF171D2073): 35
LogDevObjectVersion:   Dev-Mobile (B02B49B5-BB20-44E9-A304-32B752E40360): 2
LogDevObjectVersion:   Dev-Networking (A4E4105C-59A1-49B5-A7C5-40C4547EDFEE): 0
LogDevObjectVersion:   Dev-Online (39C831C9-5AE6-47DC-9A44-9C173E1C8E7C): 0
LogDevObjectVersion:   Dev-Physics (78F01B33-EBEA-4F98-B9B4-84EACCB95AA2): 0
LogDevObjectVersion:   Dev-Platform (6631380F-2D4D-43E0-8009-CF276956A95A): 0
LogDevObjectVersion:   Dev-Rendering (12F88B9F-8875-4AFC-A67C-D90C383ABD29): 28
LogDevObjectVersion:   Dev-Sequencer (7B5AE74C-D270-4C10-A958-57980B212A5A): 11
LogDevObjectVersion:   Dev-VR (D7296918-1DD6-4BDD-9DE2-64A83CC13884): 2
LogDevObjectVersion:   Dev-LoadTimes (C2A15278-BFE7-4AFE-6C17-90FF531DF755): 1
LogDevObjectVersion:   Private-Geometry (6EACA3D4-40EC-4CC1-B786-8BED09428FC5): 3
LogDevObjectVersion:   Dev-AnimPhys (29E575DD-E0A3-4627-9D10-D276232CDCEA): 17
LogDevObjectVersion:   Dev-Anim (AF43A65D-7FD3-4947-9873-3E8ED9C1BB05): 2
LogDevObjectVersion:   Dev-ReflectionCapture (6B266CEC-1EC7-4B8F-A30B-E4D90942FC07): 1
LogDevObjectVersion:   Dev-Automation (0DF73D61-A23F-47EA-B727-89E90C41499A): 1
LogDevObjectVersion:   FortniteMain (601D1886-AC64-4F84-AA16-D3DE0DEAC7D6): 25
LogDevObjectVersion:   Dev-Enterprise (9DFFBCD6-494F-0158-E221-12823C92A888): 6
LogDevObjectVersion:   Dev-Niagara (F2AED0AC-9AFE-416F-8664-AA7FFA26D6FC): 1
LogDevObjectVersion:   Dev-Destruction (174F1F0B-B4C6-45A5-B13F-2EE8D0FB917D): 2
LogInit: Presizing for max 16777216 objects, including 0 objects not considered by GC, pre-allocating 0 bytes for permanent pool.
LogInit: Object subsystem initialized
LogConfig: Setting CVar [[con.DebugEarlyDefault:1]]
LogConfig: Setting CVar [[r.setres:1280x720]]
[2020.04.27-11.49.04:354][  0]LogConfig: Setting CVar [[r.VSync:0]]
[2020.04.27-11.49.04:354][  0]LogConfig: Setting CVar [[r.RHICmdBypass:0]]
[2020.04.27-11.49.04:354][  0]LogConfig: Applying CVar settings from Section [/Script/Engine.RendererSettings] File [E:/JS-Repos/Solar Sailer/Saved/Config/Windows/Engine.ini]
[2020.04.27-11.49.04:354][  0]LogConfig: Setting CVar [[r.GPUCrashDebugging:0]]
[2020.04.27-11.49.04:354][  0]LogConfig: Applying CVar settings from Section [/Script/Engine.RendererOverrideSettings] File [E:/JS-Repos/Solar Sailer/Saved/Config/Windows/Engine.ini]
[2020.04.27-11.49.04:354][  0]LogConfig: Applying CVar settings from Section [/Script/Engine.StreamingSettings] File [E:/JS-Repos/Solar Sailer/Saved/Config/Windows/Engine.ini]
[2020.04.27-11.49.04:354][  0]LogConfig: Setting CVar [[s.MinBulkDataSizeForAsyncLoading:131072]]
[2020.04.27-11.49.04:354][  0]LogConfig: Setting CVar [[s.AsyncLoadingThreadEnabled:0]]
[2020.04.27-11.49.04:354][  0]LogConfig: Setting CVar [[s.EventDrivenLoaderEnabled:1]]
[2020.04.27-11.49.04:354][  0]LogConfig: Setting CVar [[s.WarnIfTimeLimitExceeded:0]]
[2020.04.27-11.49.04:354][  0]LogConfig: Setting CVar [[s.TimeLimitExceededMultiplier:1.5]]
[2020.04.27-11.49.04:354][  0]LogConfig: Setting CVar [[s.TimeLimitExceededMinTime:0.005]]
[2020.04.27-11.49.04:354][  0]LogConfig: Setting CVar [[s.UseBackgroundLevelStreaming:1]]
[2020.04.27-11.49.04:354][  0]LogConfig: Setting CVar [[s.PriorityAsyncLoadingExtraTime:15.0]]
[2020.04.27-11.49.04:354][  0]LogConfig: Setting CVar [[s.LevelStreamingActorsUpdateTimeLimit:5.0]]
[2020.04.27-11.49.04:354][  0]LogConfig: Setting CVar [[s.PriorityLevelStreamingActorsUpdateExtraTime:5.0]]
[2020.04.27-11.49.04:354][  0]LogConfig: Setting CVar [[s.LevelStreamingComponentsRegistrationGranularity:10]]
[2020.04.27-11.49.04:354][  0]LogConfig: Setting CVar [[s.UnregisterComponentsTimeLimit:1.0]]
[2020.04.27-11.49.04:354][  0]LogConfig: Setting CVar [[s.LevelStreamingComponentsUnregistrationGranularity:5]]
[2020.04.27-11.49.04:354][  0]LogConfig: Applying CVar settings from Section [/Script/Engine.GarbageCollectionSettings] File [E:/JS-Repos/Solar Sailer/Saved/Config/Windows/Engine.ini]
[2020.04.27-11.49.04:354][  0]LogConfig: Setting CVar [[gc.MaxObjectsNotConsideredByGC:1]]
[2020.04.27-11.49.04:354][  0]LogConfig: Setting CVar [[gc.SizeOfPermanentObjectPool:0]]
[2020.04.27-11.49.04:354][  0]LogConfig: Setting CVar [[gc.FlushStreamingOnGC:0]]
[2020.04.27-11.49.04:354][  0]LogConfig: Setting CVar [[gc.NumRetriesBeforeForcingGC:10]]
[2020.04.27-11.49.04:354][  0]LogConfig: Setting CVar [[gc.AllowParallelGC:1]]
[2020.04.27-11.49.04:354][  0]LogConfig: Setting CVar [[gc.TimeBetweenPurgingPendingKillObjects:61.1]]
[2020.04.27-11.49.04:354][  0]LogConfig: Setting CVar [[gc.MaxObjectsInEditor:16777216]]
[2020.04.27-11.49.04:354][  0]LogConfig: Setting CVar [[gc.IncrementalBeginDestroyEnabled:1]]
[2020.04.27-11.49.04:354][  0]LogConfig: Setting CVar [[gc.CreateGCClusters:1]]
[2020.04.27-11.49.04:354][  0]LogConfig: Setting CVar [[gc.MinGCClusterSize:5]]
[2020.04.27-11.49.04:354][  0]LogConfig: Setting CVar [[gc.ActorClusteringEnabled:0]]
[2020.04.27-11.49.04:354][  0]LogConfig: Setting CVar [[gc.BlueprintClusteringEnabled:0]]
[2020.04.27-11.49.04:354][  0]LogConfig: Setting CVar [[gc.UseDisregardForGCOnDedicatedServers:0]]
[2020.04.27-11.49.04:354][  0]LogConfig: Applying CVar settings from Section [/Script/Engine.NetworkSettings] File [E:/JS-Repos/Solar Sailer/Saved/Config/Windows/Engine.ini]
[2020.04.27-11.49.04:354][  0]LogConfig: Applying CVar settings from Section [/Script/UnrealEd.CookerSettings] File [E:/JS-Repos/Solar Sailer/Saved/Config/Windows/Engine.ini]
[2020.04.27-11.49.04:357][  0]LogConfig: Applying CVar settings from Section [ViewDistanceQuality@3] File [E:/JS-Repos/Solar Sailer/Saved/Config/Windows/Scalability.ini]
[2020.04.27-11.49.04:357][  0]LogConfig: Setting CVar [[r.SkeletalMeshLODBias:0]]
[2020.04.27-11.49.04:357][  0]LogConfig: Setting CVar [[r.ViewDistanceScale:1.0]]
[2020.04.27-11.49.04:357][  0]LogConfig: Applying CVar settings from Section [AntiAliasingQuality@3] File [E:/JS-Repos/Solar Sailer/Saved/Config/Windows/Scalability.ini]
[2020.04.27-11.49.04:357][  0]LogConfig: Setting CVar [[r.PostProcessAAQuality:4]]
[2020.04.27-11.49.04:357][  0]LogConfig: Applying CVar settings from Section [ShadowQuality@3] File [E:/JS-Repos/Solar Sailer/Saved/Config/Windows/Scalability.ini]
[2020.04.27-11.49.04:358][  0]LogConfig: Setting CVar [[r.LightFunctionQuality:1]]
[2020.04.27-11.49.04:358][  0]LogConfig: Setting CVar [[r.ShadowQuality:5]]
[2020.04.27-11.49.04:358][  0]LogConfig: Setting CVar [[r.Shadow.CSM.MaxCascades:10]]
[2020.04.27-11.49.04:358][  0]LogConfig: Setting CVar [[r.Shadow.MaxResolution:2048]]
[2020.04.27-11.49.04:358][  0]LogConfig: Setting CVar [[r.Shadow.MaxCSMResolution:2048]]
[2020.04.27-11.49.04:358][  0]LogConfig: Setting CVar [[r.Shadow.RadiusThreshold:0.01]]
[2020.04.27-11.49.04:358][  0]LogConfig: Setting CVar [[r.Shadow.DistanceScale:1.0]]
[2020.04.27-11.49.04:358][  0]LogConfig: Setting CVar [[r.Shadow.CSM.TransitionScale:1.0]]
[2020.04.27-11.49.04:358][  0]LogConfig: Setting CVar [[r.Shadow.PreShadowResolutionFactor:1.0]]
[2020.04.27-11.49.04:358][  0]LogConfig: Setting CVar [[r.DistanceFieldShadowing:1]]
[2020.04.27-11.49.04:358][  0]LogConfig: Setting CVar [[r.DistanceFieldAO:1]]
[2020.04.27-11.49.04:358][  0]LogConfig: Setting CVar [[r.AOQuality:2]]
[2020.04.27-11.49.04:358][  0]LogConfig: Setting CVar [[r.VolumetricFog:1]]
[2020.04.27-11.49.04:358][  0]LogConfig: Setting CVar [[r.VolumetricFog.GridPixelSize:8]]
[2020.04.27-11.49.04:358][  0]LogConfig: Setting CVar [[r.VolumetricFog.GridSizeZ:128]]
[2020.04.27-11.49.04:358][  0]LogConfig: Setting CVar [[r.VolumetricFog.HistoryMissSupersampleCount:4]]
[2020.04.27-11.49.04:358][  0]LogConfig: Setting CVar [[r.LightMaxDrawDistanceScale:1]]
[2020.04.27-11.49.04:358][  0]LogConfig: Setting CVar [[r.CapsuleShadows:1]]
[2020.04.27-11.49.04:358][  0]LogConfig: Applying CVar settings from Section [PostProcessQuality@3] File [E:/JS-Repos/Solar Sailer/Saved/Config/Windows/Scalability.ini]
[2020.04.27-11.49.04:358][  0]LogConfig: Setting CVar [[r.MotionBlurQuality:4]]
[2020.04.27-11.49.04:358][  0]LogConfig: Setting CVar [[r.AmbientOcclusionMipLevelFactor:0.4]]
[2020.04.27-11.49.04:358][  0]LogConfig: Setting CVar [[r.AmbientOcclusionMaxQuality:100]]
[2020.04.27-11.49.04:358][  0]LogConfig: Setting CVar [[r.AmbientOcclusionLevels:-1]]
[2020.04.27-11.49.04:358][  0]LogConfig: Setting CVar [[r.AmbientOcclusionRadiusScale:1.0]]
[2020.04.27-11.49.04:358][  0]LogConfig: Setting CVar [[r.DepthOfFieldQuality:2]]
[2020.04.27-11.49.04:358][  0]LogConfig: Setting CVar [[r.RenderTargetPoolMin:400]]
[2020.04.27-11.49.04:358][  0]LogConfig: Setting CVar [[r.LensFlareQuality:2]]
[2020.04.27-11.49.04:358][  0]LogConfig: Setting CVar [[r.SceneColorFringeQuality:1]]
[2020.04.27-11.49.04:358][  0]LogConfig: Setting CVar [[r.EyeAdaptationQuality:2]]
[2020.04.27-11.49.04:358][  0]LogConfig: Setting CVar [[r.BloomQuality:5]]
[2020.04.27-11.49.04:358][  0]LogConfig: Setting CVar [[r.FastBlurThreshold:100]]
[2020.04.27-11.49.04:358][  0]LogConfig: Setting CVar [[r.Upscale.Quality:3]]
[2020.04.27-11.49.04:358][  0]LogConfig: Setting CVar [[r.Tonemapper.GrainQuantization:1]]
[2020.04.27-11.49.04:358][  0]LogConfig: Setting CVar [[r.LightShaftQuality:1]]
[2020.04.27-11.49.04:358][  0]LogConfig: Setting CVar [[r.Filter.SizeScale:1]]
[2020.04.27-11.49.04:358][  0]LogConfig: Setting CVar [[r.Tonemapper.Quality:5]]
[2020.04.27-11.49.04:358][  0]LogConfig: Setting CVar [[r.DOF.Gather.AccumulatorQuality:1        ; higher gathering accumulator quality]]
[2020.04.27-11.49.04:358][  0]LogConfig: Setting CVar [[r.DOF.Gather.PostfilterMethod:1          ; Median3x3 postfilering method]]
[2020.04.27-11.49.04:358][  0]LogConfig: Setting CVar [[r.DOF.Gather.EnableBokehSettings:0       ; no bokeh simulation when gathering]]
[2020.04.27-11.49.04:358][  0]LogConfig: Setting CVar [[r.DOF.Gather.RingCount:4                 ; medium number of samples when gathering]]
[2020.04.27-11.49.04:358][  0]LogConfig: Setting CVar [[r.DOF.Scatter.ForegroundCompositing:1    ; additive foreground scattering]]
[2020.04.27-11.49.04:358][  0]LogConfig: Setting CVar [[r.DOF.Scatter.BackgroundCompositing:2    ; additive background scattering]]
[2020.04.27-11.49.04:358][  0]LogConfig: Setting CVar [[r.DOF.Scatter.EnableBokehSettings:1      ; bokeh simulation when scattering]]
[2020.04.27-11.49.04:358][  0]LogConfig: Setting CVar [[r.DOF.Scatter.MaxSpriteRatio:0.1         ; only a maximum of 10% of scattered bokeh]]
[2020.04.27-11.49.04:358][  0]LogConfig: Setting CVar [[r.DOF.Recombine.Quality:1                ; cheap slight out of focus]]
[2020.04.27-11.49.04:358][  0]LogConfig: Setting CVar [[r.DOF.Recombine.EnableBokehSettings:0    ; no bokeh simulation on slight out of focus]]
[2020.04.27-11.49.04:358][  0]LogConfig: Setting CVar [[r.DOF.TemporalAAQuality:1                ; more stable temporal accumulation]]
[2020.04.27-11.49.04:358][  0]LogConfig: Setting CVar [[r.DOF.Kernel.MaxForegroundRadius:0.025]]
[2020.04.27-11.49.04:358][  0]LogConfig: Setting CVar [[r.DOF.Kernel.MaxBackgroundRadius:0.025]]
[2020.04.27-11.49.04:358][  0]LogConfig: Applying CVar settings from Section [TextureQuality@3] File [E:/JS-Repos/Solar Sailer/Saved/Config/Windows/Scalability.ini]
[2020.04.27-11.49.04:358][  0]LogConfig: Setting CVar [[r.Streaming.MipBias:0]]
[2020.04.27-11.49.04:358][  0]LogConfig: Setting CVar [[r.Streaming.AmortizeCPUToGPUCopy:0]]
[2020.04.27-11.49.04:358][  0]LogConfig: Setting CVar [[r.Streaming.MaxNumTexturesToStreamPerFrame:0]]
[2020.04.27-11.49.04:358][  0]LogConfig: Setting CVar [[r.Streaming.Boost:1]]
[2020.04.27-11.49.04:358][  0]LogConfig: Setting CVar [[r.MaxAnisotropy:8]]
[2020.04.27-11.49.04:358][  0]LogConfig: Setting CVar [[r.Streaming.LimitPoolSizeToVRAM:0]]
[2020.04.27-11.49.04:358][  0]LogConfig: Setting CVar [[r.Streaming.PoolSize:1000]]
[2020.04.27-11.49.04:358][  0]LogConfig: Setting CVar [[r.Streaming.MaxEffectiveScreenSize:0]]
[2020.04.27-11.49.04:358][  0]LogConfig: Applying CVar settings from Section [EffectsQuality@3] File [E:/JS-Repos/Solar Sailer/Saved/Config/Windows/Scalability.ini]
[2020.04.27-11.49.04:358][  0]LogConfig: Setting CVar [[r.TranslucencyLightingVolumeDim:64]]
[2020.04.27-11.49.04:358][  0]LogConfig: Setting CVar [[r.RefractionQuality:2]]
[2020.04.27-11.49.04:358][  0]LogConfig: Setting CVar [[r.SSR.Quality:3]]
[2020.04.27-11.49.04:358][  0]LogConfig: Setting CVar [[r.SceneColorFormat:4]]
[2020.04.27-11.49.04:358][  0]LogConfig: Setting CVar [[r.DetailMode:2]]
[2020.04.27-11.49.04:358][  0]LogConfig: Setting CVar [[r.TranslucencyVolumeBlur:1]]
[2020.04.27-11.49.04:358][  0]LogConfig: Setting CVar [[r.MaterialQualityLevel:1 ; High quality]]
[2020.04.27-11.49.04:358][  0]LogConfig: Setting CVar [[r.SSS.Scale:1]]
[2020.04.27-11.49.04:358][  0]LogConfig: Setting CVar [[r.SSS.SampleSet:2]]
[2020.04.27-11.49.04:358][  0]LogConfig: Setting CVar [[r.SSS.Quality:1]]
[2020.04.27-11.49.04:358][  0]LogConfig: Setting CVar [[r.SSS.HalfRes:1]]
[2020.04.27-11.49.04:358][  0]LogConfig: Setting CVar [[r.EmitterSpawnRateScale:1.0]]
[2020.04.27-11.49.04:358][  0]LogConfig: Setting CVar [[r.ParticleLightQuality:2]]
[2020.04.27-11.49.04:358][  0]LogConfig: Applying CVar settings from Section [FoliageQuality@3] File [E:/JS-Repos/Solar Sailer/Saved/Config/Windows/Scalability.ini]
[2020.04.27-11.49.04:358][  0]LogConfig: Setting CVar [[foliage.DensityScale:1.0]]
[2020.04.27-11.49.04:358][  0]LogConfig: Setting CVar [[grass.DensityScale:1.0]]
[2020.04.27-11.49.04:358][  0]LogInit: Selected Device Profile: [Windows]
[2020.04.27-11.49.04:358][  0]LogInit: Applying CVar settings loaded from the selected device profile: [Windows]
[2020.04.27-11.49.04:365][  0]LogHAL: Display: Platform has ~ 16 GB [17128656896 / 17179869184 / 16], which maps to Larger [LargestMinGB=32, LargerMinGB=12, DefaultMinGB=8, SmallerMinGB=6, SmallestMinGB=0)
[2020.04.27-11.49.04:365][  0]LogConfig: Setting CVar [[r.Vulkan.UseRealUBs:0		; Required until we fix HLR fall-out]]
[2020.04.27-11.49.04:365][  0]LogInit: Going up to parent DeviceProfile []
[2020.04.27-11.49.04:365][  0]LogConfig: Applying CVar settings from Section [ViewDistanceQuality@3] File [E:/JS-Repos/Solar Sailer/Saved/Config/Windows/Scalability.ini]
[2020.04.27-11.49.04:365][  0]LogConfig: Setting CVar [[r.SkeletalMeshLODBias:0]]
[2020.04.27-11.49.04:365][  0]LogConfig: Setting CVar [[r.ViewDistanceScale:1.0]]
[2020.04.27-11.49.04:365][  0]LogConfig: Applying CVar settings from Section [AntiAliasingQuality@3] File [E:/JS-Repos/Solar Sailer/Saved/Config/Windows/Scalability.ini]
[2020.04.27-11.49.04:365][  0]LogConfig: Setting CVar [[r.PostProcessAAQuality:4]]
[2020.04.27-11.49.04:365][  0]LogConfig: Applying CVar settings from Section [ShadowQuality@3] File [E:/JS-Repos/Solar Sailer/Saved/Config/Windows/Scalability.ini]
[2020.04.27-11.49.04:365][  0]LogConfig: Setting CVar [[r.LightFunctionQuality:1]]
[2020.04.27-11.49.04:365][  0]LogConfig: Setting CVar [[r.ShadowQuality:5]]
[2020.04.27-11.49.04:365][  0]LogConfig: Setting CVar [[r.Shadow.CSM.MaxCascades:10]]
[2020.04.27-11.49.04:365][  0]LogConfig: Setting CVar [[r.Shadow.MaxResolution:2048]]
[2020.04.27-11.49.04:365][  0]LogConfig: Setting CVar [[r.Shadow.MaxCSMResolution:2048]]
[2020.04.27-11.49.04:365][  0]LogConfig: Setting CVar [[r.Shadow.RadiusThreshold:0.01]]
[2020.04.27-11.49.04:365][  0]LogConfig: Setting CVar [[r.Shadow.DistanceScale:1.0]]
[2020.04.27-11.49.04:365][  0]LogConfig: Setting CVar [[r.Shadow.CSM.TransitionScale:1.0]]
[2020.04.27-11.49.04:365][  0]LogConfig: Setting CVar [[r.Shadow.PreShadowResolutionFactor:1.0]]
[2020.04.27-11.49.04:365][  0]LogConfig: Setting CVar [[r.DistanceFieldShadowing:1]]
[2020.04.27-11.49.04:365][  0]LogConfig: Setting CVar [[r.DistanceFieldAO:1]]
[2020.04.27-11.49.04:365][  0]LogConfig: Setting CVar [[r.AOQuality:2]]
[2020.04.27-11.49.04:365][  0]LogConfig: Setting CVar [[r.VolumetricFog:1]]
[2020.04.27-11.49.04:365][  0]LogConfig: Setting CVar [[r.VolumetricFog.GridPixelSize:8]]
[2020.04.27-11.49.04:365][  0]LogConfig: Setting CVar [[r.VolumetricFog.GridSizeZ:128]]
[2020.04.27-11.49.04:365][  0]LogConfig: Setting CVar [[r.VolumetricFog.HistoryMissSupersampleCount:4]]
[2020.04.27-11.49.04:365][  0]LogConfig: Setting CVar [[r.LightMaxDrawDistanceScale:1]]
[2020.04.27-11.49.04:365][  0]LogConfig: Setting CVar [[r.CapsuleShadows:1]]
[2020.04.27-11.49.04:365][  0]LogConfig: Applying CVar settings from Section [PostProcessQuality@3] File [E:/JS-Repos/Solar Sailer/Saved/Config/Windows/Scalability.ini]
[2020.04.27-11.49.04:365][  0]LogConfig: Setting CVar [[r.MotionBlurQuality:4]]
[2020.04.27-11.49.04:365][  0]LogConfig: Setting CVar [[r.AmbientOcclusionMipLevelFactor:0.4]]
[2020.04.27-11.49.04:365][  0]LogConfig: Setting CVar [[r.AmbientOcclusionMaxQuality:100]]
[2020.04.27-11.49.04:365][  0]LogConfig: Setting CVar [[r.AmbientOcclusionLevels:-1]]
[2020.04.27-11.49.04:365][  0]LogConfig: Setting CVar [[r.AmbientOcclusionRadiusScale:1.0]]
[2020.04.27-11.49.04:365][  0]LogConfig: Setting CVar [[r.DepthOfFieldQuality:2]]
[2020.04.27-11.49.04:365][  0]LogConfig: Setting CVar [[r.RenderTargetPoolMin:400]]
[2020.04.27-11.49.04:365][  0]LogConfig: Setting CVar [[r.LensFlareQuality:2]]
[2020.04.27-11.49.04:365][  0]LogConfig: Setting CVar [[r.SceneColorFringeQuality:1]]
[2020.04.27-11.49.04:366][  0]LogConfig: Setting CVar [[r.EyeAdaptationQuality:2]]
[2020.04.27-11.49.04:366][  0]LogConfig: Setting CVar [[r.BloomQuality:5]]
[2020.04.27-11.49.04:366][  0]LogConfig: Setting CVar [[r.FastBlurThreshold:100]]
[2020.04.27-11.49.04:366][  0]LogConfig: Setting CVar [[r.Upscale.Quality:3]]
[2020.04.27-11.49.04:366][  0]LogConfig: Setting CVar [[r.Tonemapper.GrainQuantization:1]]
[2020.04.27-11.49.04:366][  0]LogConfig: Setting CVar [[r.LightShaftQuality:1]]
[2020.04.27-11.49.04:366][  0]LogConfig: Setting CVar [[r.Filter.SizeScale:1]]
[2020.04.27-11.49.04:366][  0]LogConfig: Setting CVar [[r.Tonemapper.Quality:5]]
[2020.04.27-11.49.04:366][  0]LogConfig: Setting CVar [[r.DOF.Gather.AccumulatorQuality:1        ; higher gathering accumulator quality]]
[2020.04.27-11.49.04:366][  0]LogConfig: Setting CVar [[r.DOF.Gather.PostfilterMethod:1          ; Median3x3 postfilering method]]
[2020.04.27-11.49.04:366][  0]LogConfig: Setting CVar [[r.DOF.Gather.EnableBokehSettings:0       ; no bokeh simulation when gathering]]
[2020.04.27-11.49.04:366][  0]LogConfig: Setting CVar [[r.DOF.Gather.RingCount:4                 ; medium number of samples when gathering]]
[2020.04.27-11.49.04:366][  0]LogConfig: Setting CVar [[r.DOF.Scatter.ForegroundCompositing:1    ; additive foreground scattering]]
[2020.04.27-11.49.04:366][  0]LogConfig: Setting CVar [[r.DOF.Scatter.BackgroundCompositing:2    ; additive background scattering]]
[2020.04.27-11.49.04:366][  0]LogConfig: Setting CVar [[r.DOF.Scatter.EnableBokehSettings:1      ; bokeh simulation when scattering]]
[2020.04.27-11.49.04:366][  0]LogConfig: Setting CVar [[r.DOF.Scatter.MaxSpriteRatio:0.1         ; only a maximum of 10% of scattered bokeh]]
[2020.04.27-11.49.04:366][  0]LogConfig: Setting CVar [[r.DOF.Recombine.Quality:1                ; cheap slight out of focus]]
[2020.04.27-11.49.04:366][  0]LogConfig: Setting CVar [[r.DOF.Recombine.EnableBokehSettings:0    ; no bokeh simulation on slight out of focus]]
[2020.04.27-11.49.04:366][  0]LogConfig: Setting CVar [[r.DOF.TemporalAAQuality:1                ; more stable temporal accumulation]]
[2020.04.27-11.49.04:366][  0]LogConfig: Setting CVar [[r.DOF.Kernel.MaxForegroundRadius:0.025]]
[2020.04.27-11.49.04:366][  0]LogConfig: Setting CVar [[r.DOF.Kernel.MaxBackgroundRadius:0.025]]
[2020.04.27-11.49.04:366][  0]LogConfig: Applying CVar settings from Section [TextureQuality@3] File [E:/JS-Repos/Solar Sailer/Saved/Config/Windows/Scalability.ini]
[2020.04.27-11.49.04:366][  0]LogConfig: Setting CVar [[r.Streaming.MipBias:0]]
[2020.04.27-11.49.04:366][  0]LogConfig: Setting CVar [[r.Streaming.AmortizeCPUToGPUCopy:0]]
[2020.04.27-11.49.04:366][  0]LogConfig: Setting CVar [[r.Streaming.MaxNumTexturesToStreamPerFrame:0]]
[2020.04.27-11.49.04:366][  0]LogConfig: Setting CVar [[r.Streaming.Boost:1]]
[2020.04.27-11.49.04:366][  0]LogConfig: Setting CVar [[r.MaxAnisotropy:8]]
[2020.04.27-11.49.04:366][  0]LogConfig: Setting CVar [[r.Streaming.LimitPoolSizeToVRAM:0]]
[2020.04.27-11.49.04:366][  0]LogConfig: Setting CVar [[r.Streaming.PoolSize:1000]]
[2020.04.27-11.49.04:366][  0]LogConfig: Setting CVar [[r.Streaming.MaxEffectiveScreenSize:0]]
[2020.04.27-11.49.04:366][  0]LogConfig: Applying CVar settings from Section [EffectsQuality@3] File [E:/JS-Repos/Solar Sailer/Saved/Config/Windows/Scalability.ini]
[2020.04.27-11.49.04:366][  0]LogConfig: Setting CVar [[r.TranslucencyLightingVolumeDim:64]]
[2020.04.27-11.49.04:366][  0]LogConfig: Setting CVar [[r.RefractionQuality:2]]
[2020.04.27-11.49.04:366][  0]LogConfig: Setting CVar [[r.SSR.Quality:3]]
[2020.04.27-11.49.04:366][  0]LogConfig: Setting CVar [[r.SceneColorFormat:4]]
[2020.04.27-11.49.04:366][  0]LogConfig: Setting CVar [[r.DetailMode:2]]
[2020.04.27-11.49.04:366][  0]LogConfig: Setting CVar [[r.TranslucencyVolumeBlur:1]]
[2020.04.27-11.49.04:366][  0]LogConfig: Setting CVar [[r.MaterialQualityLevel:1 ; High quality]]
[2020.04.27-11.49.04:366][  0]LogConfig: Setting CVar [[r.SSS.Scale:1]]
[2020.04.27-11.49.04:366][  0]LogConfig: Setting CVar [[r.SSS.SampleSet:2]]
[2020.04.27-11.49.04:366][  0]LogConfig: Setting CVar [[r.SSS.Quality:1]]
[2020.04.27-11.49.04:366][  0]LogConfig: Setting CVar [[r.SSS.HalfRes:1]]
[2020.04.27-11.49.04:366][  0]LogConfig: Setting CVar [[r.EmitterSpawnRateScale:1.0]]
[2020.04.27-11.49.04:366][  0]LogConfig: Setting CVar [[r.ParticleLightQuality:2]]
[2020.04.27-11.49.04:366][  0]LogConfig: Applying CVar settings from Section [FoliageQuality@3] File [E:/JS-Repos/Solar Sailer/Saved/Config/Windows/Scalability.ini]
[2020.04.27-11.49.04:366][  0]LogConfig: Setting CVar [[foliage.DensityScale:1.0]]
[2020.04.27-11.49.04:366][  0]LogConfig: Setting CVar [[grass.DensityScale:1.0]]
[2020.04.27-11.49.04:366][  0]LogConfig: Applying CVar settings from Section [Startup] File [../../../Engine/Config/ConsoleVariables.ini]
[2020.04.27-11.49.04:366][  0]LogConfig: Setting CVar [[net.UseAdaptiveNetUpdateFrequency:0]]
[2020.04.27-11.49.04:366][  0]LogConfig: Setting CVar [[p.chaos.AllowCreatePhysxBodies:1]]
[2020.04.27-11.49.04:366][  0]LogConfig: Applying CVar settings from Section [ConsoleVariables] File [E:/JS-Repos/Solar Sailer/Saved/Config/Windows/Engine.ini]
[2020.04.27-11.49.04:366][  0]LogInit: Computer: DESKTOP-7ULPCI5
[2020.04.27-11.49.04:366][  0]LogInit: User: Andre
[2020.04.27-11.49.04:366][  0]LogInit: CPU Page size=4096, Cores=6
[2020.04.27-11.49.04:366][  0]LogInit: High frequency timer resolution =10.000000 MHz
[2020.04.27-11.49.04:367][  0]LogMemory: Memory total: Physical=16.0GB (16GB approx)
[2020.04.27-11.49.04:367][  0]LogMemory: Platform Memory Stats for Windows
[2020.04.27-11.49.04:367][  0]LogMemory: Process Physical Memory: 98.17 MB used, 98.18 MB peak
[2020.04.27-11.49.04:367][  0]LogMemory: Process Virtual Memory: 89.80 MB used, 89.80 MB peak
[2020.04.27-11.49.04:367][  0]LogMemory: Physical Memory: 7562.93 MB used,  8772.23 MB free, 16335.16 MB total
[2020.04.27-11.49.04:367][  0]LogMemory: Virtual Memory: 4660.48 MB used,  134213064.00 MB free, 134217728.00 MB total
[2020.04.27-11.49.04:383][  0]LogInit: Using OS detected language (en-US).
[2020.04.27-11.49.04:383][  0]LogInit: Using OS detected locale (en-GB).
[2020.04.27-11.49.04:383][  0]LogTextLocalizationManager: No specific localization for 'en-US' exists, so the 'en' localization will be used.
[2020.04.27-11.49.04:500][  0]LogInit: Setting process to per monitor DPI aware
[2020.04.27-11.49.04:527][  0]LogSlate: New Slate User Created.  User Index 0, Is Virtual User: 0
[2020.04.27-11.49.04:527][  0]LogSlate: Slate User Registered.  User Index 0, Is Virtual User: 0
[2020.04.27-11.49.04:666][  0]LogHMD: Failed to initialize OpenVR with code 110
[2020.04.27-11.49.04:666][  0]LogD3D11RHI: D3D11 adapters:
[2020.04.27-11.49.04:729][  0]LogD3D11RHI:    0. 'NVIDIA GeForce GTX 1060 6GB' (Feature Level 11_0)
[2020.04.27-11.49.04:729][  0]LogD3D11RHI:       6052/0/8167 MB DedicatedVideo/DedicatedSystem/SharedSystem, Outputs:2, VendorId:0x10de
[2020.04.27-11.49.04:731][  0]LogD3D11RHI:    1. 'Microsoft Basic Render Driver' (Feature Level 11_0)
[2020.04.27-11.49.04:731][  0]LogD3D11RHI:       0/0/8167 MB DedicatedVideo/DedicatedSystem/SharedSystem, Outputs:0, VendorId:0x1414
[2020.04.27-11.49.04:731][  0]LogD3D11RHI: Chosen D3D11 Adapter: 0
[2020.04.27-11.49.04:739][  0]LogD3D11RHI: Creating new Direct3DDevice
[2020.04.27-11.49.04:739][  0]LogD3D11RHI:     GPU DeviceId: 0x1c03 (for the marketing name, search the web for "GPU Device Id")
[2020.04.27-11.49.04:739][  0]LogWindows: EnumDisplayDevices:
[2020.04.27-11.49.04:740][  0]LogWindows:    0. 'NVIDIA GeForce GTX 1060 6GB' (P:0 D:1)
[2020.04.27-11.49.04:740][  0]LogWindows:    1. 'NVIDIA GeForce GTX 1060 6GB' (P:1 D:1)
[2020.04.27-11.49.04:740][  0]LogWindows:    2. 'NVIDIA GeForce GTX 1060 6GB' (P:0 D:0)
[2020.04.27-11.49.04:740][  0]LogWindows:    3. 'NVIDIA GeForce GTX 1060 6GB' (P:0 D:0)
[2020.04.27-11.49.04:740][  0]LogWindows: DebugString: FoundDriverCount:4 
[2020.04.27-11.49.04:740][  0]LogD3D11RHI:     Adapter Name: NVIDIA GeForce GTX 1060 6GB
[2020.04.27-11.49.04:740][  0]LogD3D11RHI:   Driver Version: 441.41 (internal:26.21.14.4141, unified:441.41)
[2020.04.27-11.49.04:740][  0]LogD3D11RHI:      Driver Date: 11-20-2019
[2020.04.27-11.49.04:740][  0]LogRHI: Texture pool is 4236 MB (70% of 6052 MB)
[2020.04.27-11.49.04:778][  0]LogD3D11RHI: Async texture creation enabled
[2020.04.27-11.49.04:785][  0]LogRendererCore: FGlobalReadBuffer::InitRHI
[2020.04.27-11.49.04:785][  0]LogRendererCore: FGlobalReadBuffer::InitRHI
[2020.04.27-11.49.04:785][  0]LogRendererCore: FGlobalReadBuffer::InitRHI
[2020.04.27-11.49.04:793][  0]LogD3D11RHI: GPU Timing Frequency: 1000.000000 (Debug: 2 1)
[2020.04.27-11.49.05:019][  0]LogTemp: Display: Module 'AllDesktopTargetPlatform' loaded TargetPlatform 'AllDesktop'
[2020.04.27-11.49.05:031][  0]LogTemp: Display: Module 'MacClientTargetPlatform' loaded TargetPlatform 'MacClient'
[2020.04.27-11.49.05:043][  0]LogTemp: Display: Module 'MacNoEditorTargetPlatform' loaded TargetPlatform 'MacNoEditor'
[2020.04.27-11.49.05:055][  0]LogTemp: Display: Module 'MacServerTargetPlatform' loaded TargetPlatform 'MacServer'
[2020.04.27-11.49.05:067][  0]LogTemp: Display: Module 'MacTargetPlatform' loaded TargetPlatform 'Mac'
[2020.04.27-11.49.05:079][  0]LogTemp: Display: Module 'WindowsClientTargetPlatform' loaded TargetPlatform 'WindowsClient'
[2020.04.27-11.49.05:090][  0]LogTemp: Display: Module 'WindowsNoEditorTargetPlatform' loaded TargetPlatform 'WindowsNoEditor'
[2020.04.27-11.49.05:103][  0]LogTemp: Display: Module 'WindowsServerTargetPlatform' loaded TargetPlatform 'WindowsServer'
[2020.04.27-11.49.05:108][  0]LogTemp: Display: Module 'WindowsTargetPlatform' loaded TargetPlatform 'Windows'
[2020.04.27-11.49.05:182][  0]LogTemp: Display: Module 'AndroidTargetPlatform' loaded TargetPlatform 'Android'
[2020.04.27-11.49.05:182][  0]LogTemp: Display: Module 'AndroidTargetPlatform' loaded TargetPlatform 'Android_ASTC'
[2020.04.27-11.49.05:182][  0]LogTemp: Display: Module 'AndroidTargetPlatform' loaded TargetPlatform 'Android_ATC'
[2020.04.27-11.49.05:182][  0]LogTemp: Display: Module 'AndroidTargetPlatform' loaded TargetPlatform 'Android_DXT'
[2020.04.27-11.49.05:182][  0]LogTemp: Display: Module 'AndroidTargetPlatform' loaded TargetPlatform 'Android_ETC1'
[2020.04.27-11.49.05:182][  0]LogTemp: Display: Module 'AndroidTargetPlatform' loaded TargetPlatform 'Android_ETC1a'
[2020.04.27-11.49.05:182][  0]LogTemp: Display: Module 'AndroidTargetPlatform' loaded TargetPlatform 'Android_ETC2'
[2020.04.27-11.49.05:182][  0]LogTemp: Display: Module 'AndroidTargetPlatform' loaded TargetPlatform 'Android_PVRTC'
[2020.04.27-11.49.05:182][  0]LogTemp: Display: Module 'AndroidTargetPlatform' loaded TargetPlatform 'AndroidClient'
[2020.04.27-11.49.05:182][  0]LogTemp: Display: Module 'AndroidTargetPlatform' loaded TargetPlatform 'Android_ASTCClient'
[2020.04.27-11.49.05:182][  0]LogTemp: Display: Module 'AndroidTargetPlatform' loaded TargetPlatform 'Android_ATCClient'
[2020.04.27-11.49.05:182][  0]LogTemp: Display: Module 'AndroidTargetPlatform' loaded TargetPlatform 'Android_DXTClient'
[2020.04.27-11.49.05:182][  0]LogTemp: Display: Module 'AndroidTargetPlatform' loaded TargetPlatform 'Android_ETC1Client'
[2020.04.27-11.49.05:182][  0]LogTemp: Display: Module 'AndroidTargetPlatform' loaded TargetPlatform 'Android_ETC1aClient'
[2020.04.27-11.49.05:182][  0]LogTemp: Display: Module 'AndroidTargetPlatform' loaded TargetPlatform 'Android_ETC2Client'
[2020.04.27-11.49.05:182][  0]LogTemp: Display: Module 'AndroidTargetPlatform' loaded TargetPlatform 'Android_PVRTCClient'
[2020.04.27-11.49.05:183][  0]LogTemp: Display: Module 'AndroidTargetPlatform' loaded TargetPlatform 'Android_Multi'
[2020.04.27-11.49.05:183][  0]LogTemp: Display: Module 'AndroidTargetPlatform' loaded TargetPlatform 'Android_MultiClient'
[2020.04.27-11.49.05:184][  0]LogTemp: Display: Module 'HTML5TargetPlatform' loaded TargetPlatform 'HTML5'
[2020.04.27-11.49.05:230][  0]LogTemp: Display: Module 'IOSTargetPlatform' loaded TargetPlatform 'IOSClient'
[2020.04.27-11.49.05:230][  0]LogTemp: Display: Module 'IOSTargetPlatform' loaded TargetPlatform 'IOS'
[2020.04.27-11.49.05:252][  0]LogTemp: Display: Module 'TVOSTargetPlatform' loaded TargetPlatform 'TVOSClient'
[2020.04.27-11.49.05:252][  0]LogTemp: Display: Module 'TVOSTargetPlatform' loaded TargetPlatform 'TVOS'
[2020.04.27-11.49.05:263][  0]LogTemp: Display: Module 'LinuxClientTargetPlatform' loaded TargetPlatform 'LinuxClient'
[2020.04.27-11.49.05:275][  0]LogTemp: Display: Module 'LinuxNoEditorTargetPlatform' loaded TargetPlatform 'LinuxNoEditor'
[2020.04.27-11.49.05:287][  0]LogTemp: Display: Module 'LinuxServerTargetPlatform' loaded TargetPlatform 'LinuxServer'
[2020.04.27-11.49.05:299][  0]LogTemp: Display: Module 'LinuxTargetPlatform' loaded TargetPlatform 'Linux'
[2020.04.27-11.49.05:338][  0]LogTemp: Display: Module 'LuminTargetPlatform' loaded TargetPlatform 'Lumin'
[2020.04.27-11.49.05:338][  0]LogTemp: Display: Module 'LuminTargetPlatform' loaded TargetPlatform 'LuminClient'
[2020.04.27-11.49.05:338][  0]LogTargetPlatformManager: Display: Building Assets For Windows
[2020.04.27-11.49.05:345][  0]LogAudioDebug: Display: Lib vorbis DLL was dynamically loaded.
[2020.04.27-11.49.05:378][  0]LogShaderCompilers: Guid format shader working directory is 9 characters bigger than the processId version (../../../../../JS-Repos/Solar Sailer/Intermediate/Shaders/WorkingDirectory/11028/).
[2020.04.27-11.49.05:378][  0]LogShaderCompilers: Cleaned the shader compiler working directory 'C:/Users/Andre/AppData/Local/Temp/UnrealShaderWorkingDir/C6033D1A4DCD60EE1684768F79CD4117/'.
[2020.04.27-11.49.05:379][  0]LogXGEController: Cannot use XGE Controller as Incredibuild is not installed on this machine.
[2020.04.27-11.49.05:379][  0]LogShaderCompilers: Cannot use XGE Shader Compiler as Incredibuild is not installed on this machine.
[2020.04.27-11.49.05:379][  0]LogShaderCompilers: Display: Using Local Shader Compiler.
[2020.04.27-11.49.05:844][  0]LogDerivedDataCache: Display: Max Cache Size: 512 MB
[2020.04.27-11.49.05:878][  0]LogDerivedDataCache: Loaded boot cache 0.03s 71MB C:/Users/Andre/AppData/Local/UnrealEngine/4.22/DerivedDataCache/Boot.ddc.
[2020.04.27-11.49.05:879][  0]LogDerivedDataCache: Display: Loaded Boot cache: C:/Users/Andre/AppData/Local/UnrealEngine/4.22/DerivedDataCache/Boot.ddc
[2020.04.27-11.49.05:879][  0]LogDerivedDataCache: FDerivedDataBackendGraph:  Pak pak cache file ../../../../../JS-Repos/Solar Sailer/DerivedDataCache/DDC.ddp not found, will not use a pak cache.
[2020.04.27-11.49.05:879][  0]LogDerivedDataCache: Unable to find inner node Pak for hierarchical cache Hierarchy.
[2020.04.27-11.49.05:879][  0]LogDerivedDataCache: FDerivedDataBackendGraph:  CompressedPak pak cache file ../../../../../JS-Repos/Solar Sailer/DerivedDataCache/Compressed.ddp not found, will not use a pak cache.
[2020.04.27-11.49.05:879][  0]LogDerivedDataCache: Unable to find inner node CompressedPak for hierarchical cache Hierarchy.
[2020.04.27-11.49.05:890][  0]LogDerivedDataCache: Display: Pak cache opened for reading ../../../Engine/DerivedDataCache/Compressed.ddp.
[2020.04.27-11.49.05:891][  0]LogDerivedDataCache: FDerivedDataBackendGraph:  EnterprisePak pak cache file ../../../Enterprise/DerivedDataCache/Compressed.ddp not found, will not use a pak cache.
[2020.04.27-11.49.05:891][  0]LogDerivedDataCache: Unable to find inner node EnterprisePak for hierarchical cache Hierarchy.
[2020.04.27-11.49.05:903][  0]LogDerivedDataCache: Using Local data cache path C:/Users/Andre/AppData/Local/UnrealEngine/Common/DerivedDataCache: Writable
[2020.04.27-11.49.05:903][  0]LogDerivedDataCache: Shared data cache path not found in *engine.ini, will not use an Shared cache.
[2020.04.27-11.49.05:903][  0]LogDerivedDataCache: Unable to find inner node Shared for hierarchical cache Hierarchy.
[2020.04.27-11.49.05:921][  0]LogMaterial: Verifying Global Shaders for PCD3D_SM5
[2020.04.27-11.49.05:922][  0]LogSlate: Using FreeType 2.6.0
[2020.04.27-11.49.05:923][  0]LogSlate: SlateFontServices - WITH_FREETYPE: 1, WITH_HARFBUZZ: 1
[2020.04.27-11.49.05:996][  0]LogAssetRegistry: FAssetRegistry took 0.0325 seconds to start up
[2020.04.27-11.49.06:290][  0]LogInit: Selected Device Profile: [Windows]
[2020.04.27-11.49.06:393][  0]LogMeshReduction: Using QuadricMeshReduction for automatic static mesh reduction
[2020.04.27-11.49.06:393][  0]LogMeshReduction: Using SimplygonMeshReduction for automatic skeletal mesh reduction
[2020.04.27-11.49.06:393][  0]LogMeshReduction: Using ProxyLODMeshReduction for automatic mesh merging
[2020.04.27-11.49.06:393][  0]LogMeshReduction: No distributed automatic mesh merging module available
[2020.04.27-11.49.06:393][  0]LogMeshMerging: No distributed automatic mesh merging module available
[2020.04.27-11.49.06:402][  0]LogNetVersion: SolarSailer 1.0.0, NetCL: 5660361, EngineNetVer: 10, GameNetVer: 0 (Checksum: 1348670940)
[2020.04.27-11.49.06:698][  0]LogPackageLocalizationCache: Processed 10 localized package path(s) for 1 prioritized culture(s) in 0.029477 seconds
[2020.04.27-11.49.06:704][  0]LogUObjectArray: 42205 objects as part of root set at end of initial load.
[2020.04.27-11.49.06:704][  0]LogUObjectAllocator: 7325032 out of 0 bytes used by permanent object pool.
[2020.04.27-11.49.06:704][  0]LogUObjectArray: CloseDisregardForGC: 0/0 objects in disregard for GC pool
[2020.04.27-11.49.07:348][  0]LogTcpMessaging: Initializing TcpMessaging bridge
[2020.04.27-11.49.07:362][  0]LogUdpMessaging: Initializing bridge on interface 0.0.0.0:0 to multicast group 230.0.0.1:6666.
[2020.04.27-11.49.07:463][  0]SourceControl: Source control is disabled
[2020.04.27-11.49.07:463][  0]SourceControl: Source control is disabled
[2020.04.27-11.49.07:465][  0]SourceControl: Source control is disabled
[2020.04.27-11.49.07:466][  0]SourceControl: Source control is disabled
[2020.04.27-11.49.07:473][  0]LogVSAccessor: Display: Unable to create Visual Studio setup instance: 80040154
[2020.04.27-11.49.07:473][  0]LogVSAccessor: Display: Unable to create Visual Studio setup instance: 80040154
[2020.04.27-11.49.07:534][  0]LogAndroidPermission: UAndroidPermissionCallbackProxy::GetInstance
[2020.04.27-11.49.07:611][  0]LogOcInput: OculusInput pre-init called
[2020.04.27-11.49.08:161][  0]LogEngine: Initializing Engine...
[2020.04.27-11.49.08:162][  0]LogHMD: Failed to initialize OpenVR with code 110
[2020.04.27-11.49.08:163][  0]LogStats: UGameplayTagsManager::InitializeManager -  0.000 s
[2020.04.27-11.49.08:326][  0]LogInit: Initializing FReadOnlyCVARCache
[2020.04.27-11.49.08:336][  0]LogAIModule: Creating AISystem for world Untitled
[2020.04.27-11.49.08:355][  0]LogInit: XAudio2 using 'Speakers (3- USBZH5XK)' : 2 channels at 48 kHz using 16 bits per sample (channel mask 0x3)
[2020.04.27-11.49.08:373][  0]LogInit: FAudioDevice initialized.
[2020.04.27-11.49.08:373][  0]LogNetVersion: Set ProjectVersion to 1.0.0.0. Version Checksum will be recalculated on next use.
[2020.04.27-11.49.08:446][  0]LogDerivedDataCache: Saved boot cache 0.07s 71MB C:/Users/Andre/AppData/Local/UnrealEngine/4.22/DerivedDataCache/Boot.ddc.
[2020.04.27-11.49.08:450][  0]LogInit: Texture streaming: Enabled
[2020.04.27-11.49.08:466][  0]LogEngineSessionManager: EngineSessionManager initialized
[2020.04.27-11.49.08:483][  0]LogInit: Transaction tracking system initialized
[2020.04.27-11.49.08:498][  0]BlueprintLog: New page: Editor Load
[2020.04.27-11.49.08:559][  0]LocalizationService: Localization service is disabled
[2020.04.27-11.49.08:673][  0]LogVSAccessor: Display: Unable to create Visual Studio setup instance: 80040154
[2020.04.27-11.49.08:673][  0]LogVSAccessor: Display: Unable to create Visual Studio setup instance: 80040154
[2020.04.27-11.49.08:803][  0]LogFileCache: Scanning file cache for directory 'E:/JS-Repos/Solar Sailer/Content/' took 0.02s
[2020.04.27-11.49.08:803][  0]LogCook: Display: Max memory allowance for cook 16384mb min free memory 0mb
[2020.04.27-11.49.08:803][  0]LogCook: Display: Mobile HDR setting 1
[2020.04.27-11.49.08:942][  0]SourceControl: Source control is disabled
[2020.04.27-11.49.08:942][  0]Cmd: MAP LOAD FILE="../../../Engine/Content/Maps/Templates/Template_Default.umap" TEMPLATE=1 SHOWPROGRESS=1 FEATURELEVEL=3
[2020.04.27-11.49.08:943][  0]LightingResults: New page: Lighting Build
[2020.04.27-11.49.08:944][  0]MapCheck: New page: Map Check
[2020.04.27-11.49.08:944][  0]LightingResults: New page: Lighting Build
[2020.04.27-11.49.08:961][  0]LogUObjectHash: Compacting FUObjectHashTables data took   1.49ms
[2020.04.27-11.49.09:023][  0]LogAIModule: Creating AISystem for world Untitled_1
[2020.04.27-11.49.09:028][  0]LogEditorServer: Finished looking for orphan Actors (0.000 secs)
[2020.04.27-11.49.09:047][  0]LogUObjectHash: Compacting FUObjectHashTables data took   1.91ms
[2020.04.27-11.49.09:047][  0]Cmd: MAP CHECKDEP NOCLEARLOG
[2020.04.27-11.49.09:047][  0]MapCheck: Map check complete: 0 Error(s), 0 Warning(s), took 0.095ms to complete.
[2020.04.27-11.49.09:047][  0]LogFileHelpers: Loading map 'Template_Default' took 0.105
[2020.04.27-11.49.09:128][  0]LogSlate: Updating window title bar state: overlay mode, drag disabled, window buttons hidden, title bar hidden
[2020.04.27-11.49.09:135][  0]LogSlate: Updating window title bar state: overlay mode, drag disabled, window buttons hidden, title bar hidden
[2020.04.27-11.49.09:140][  0]LogSlate: Updating window title bar state: overlay mode, drag disabled, window buttons hidden, title bar hidden
[2020.04.27-11.49.09:147][  0]LogSlate: Updating window title bar state: overlay mode, drag disabled, window buttons hidden, title bar hidden
[2020.04.27-11.49.10:092][  0]LogSlate: Only BGRA pngs, bmps or icos are supported in by External Image Picker
[2020.04.27-11.49.10:114][  0]LogSlate: Took 0.000328 seconds to synchronously load lazily loaded font '../../../Engine/Content/Slate/Fonts/Roboto-Regular.ttf' (155K)
[2020.04.27-11.49.10:116][  0]LogSlate: Took 0.000115 seconds to synchronously load lazily loaded font '../../../Engine/Content/Slate/Fonts/Roboto-Bold.ttf' (160K)
[2020.04.27-11.49.10:186][  0]LogRenderer: Reallocating scene render targets to support 1208x924 Format 10 NumSamples 1 (Frame:1).
[2020.04.27-11.49.10:298][  0]LogLoad: (Engine Initialization) Total time: 7.39 seconds
[2020.04.27-11.49.10:298][  0]LogLoad: (Engine Initialization) Total Blueprint compile time: 0.00 seconds
[2020.04.27-11.49.10:347][  0]LogAssetRegistry: Asset discovery search completed in 4.3733 seconds
[2020.04.27-11.49.10:351][  0]LogCollectionManager: Loaded 0 collections in 0.000695 seconds
[2020.04.27-11.49.10:374][  0]LogFileCache: Scanning file cache for directory 'E:/JS-Repos/Solar Sailer/Saved/Collections/' took 0.01s
[2020.04.27-11.49.10:374][  0]LogFileCache: Scanning file cache for directory 'E:/JS-Repos/Solar Sailer/Content/Developers/Andre/Collections/' took 0.01s
[2020.04.27-11.49.10:374][  0]LogFileCache: Scanning file cache for directory 'E:/JS-Repos/Solar Sailer/Content/Collections/' took 0.00s
[2020.04.27-11.49.10:374][  0]LogCollectionManager: Rebuilt the object cache for 0 collections in 0.000000 seconds (found 0 objects)
[2020.04.27-11.49.10:374][  0]LogCollectionManager: Fixed up redirectors for 0 collections in 0.000085 seconds (updated 0 objects)
[2020.04.27-11.49.10:376][  0]LogContentStreaming: Texture pool size now 1000 MB
[2020.04.27-11.49.10:398][  1]LogFileCache: Retrieving MD5 hashes for directory 'E:/JS-Repos/Solar Sailer/Content/' took 0.09s
[2020.04.27-11.49.14:463][485]LogSlate: FSceneViewport::OnFocusLost() reason 2
[2020.04.27-11.49.16:158][688]LogSlate: FSceneViewport::OnFocusLost() reason 2
[2020.04.27-11.49.16:167][688]LogCollectionManager: Rebuilt the GUID cache for 0 collections in 0.000000 seconds
[2020.04.27-11.49.16:177][688]LogContentBrowser: Native class hierarchy populated in 0.0093 seconds. Added 2733 classes and 661 folders.
[2020.04.27-11.49.16:183][688]LogContentBrowser: Native class hierarchy updated for 'WidgetCarousel' in 0.0003 seconds. Added 0 classes and 0 folders.
[2020.04.27-11.49.16:185][688]LogPakFile: Registered encryption key '00000000000000000000000000000000': 0 pak files mounted, 0 remain pending
[2020.04.27-11.49.16:185][688]LogPakFile: Registered encryption key '00000000000000000000000000000000': 0 pak files mounted, 0 remain pending
[2020.04.27-11.49.16:186][688]LogPakFile: Registered encryption key '00000000000000000000000000000000': 0 pak files mounted, 0 remain pending
[2020.04.27-11.49.16:186][688]LogPakFile: Registered encryption key '00000000000000000000000000000000': 0 pak files mounted, 0 remain pending
[2020.04.27-11.49.16:186][688]LogPakFile: Registered encryption key '00000000000000000000000000000000': 0 pak files mounted, 0 remain pending
[2020.04.27-11.49.16:187][688]LogPakFile: Registered encryption key '00000000000000000000000000000000': 0 pak files mounted, 0 remain pending
[2020.04.27-11.49.16:187][688]LogPakFile: Registered encryption key '00000000000000000000000000000000': 0 pak files mounted, 0 remain pending
[2020.04.27-11.49.16:188][688]LogPakFile: Registered encryption key '00000000000000000000000000000000': 0 pak files mounted, 0 remain pending
[2020.04.27-11.49.16:188][688]LogPakFile: Registered encryption key '00000000000000000000000000000000': 0 pak files mounted, 0 remain pending
[2020.04.27-11.49.16:188][688]LogPakFile: Registered encryption key '00000000000000000000000000000000': 0 pak files mounted, 0 remain pending
[2020.04.27-11.49.16:188][688]LogPakFile: Registered encryption key '00000000000000000000000000000000': 0 pak files mounted, 0 remain pending
[2020.04.27-11.49.16:189][688]LogPakFile: Registered encryption key '00000000000000000000000000000000': 0 pak files mounted, 0 remain pending
[2020.04.27-11.49.16:189][688]LogPakFile: Registered encryption key '00000000000000000000000000000000': 0 pak files mounted, 0 remain pending
[2020.04.27-11.49.16:189][688]LogPakFile: Registered encryption key '00000000000000000000000000000000': 0 pak files mounted, 0 remain pending
[2020.04.27-11.49.16:190][688]LogPakFile: Registered encryption key '00000000000000000000000000000000': 0 pak files mounted, 0 remain pending
[2020.04.27-11.49.16:190][688]LogPakFile: Registered encryption key '00000000000000000000000000000000': 0 pak files mounted, 0 remain pending
[2020.04.27-11.49.16:191][688]LogPakFile: Registered encryption key '00000000000000000000000000000000': 0 pak files mounted, 0 remain pending
[2020.04.27-11.49.16:191][688]LogPakFile: Registered encryption key '00000000000000000000000000000000': 0 pak files mounted, 0 remain pending
[2020.04.27-11.49.16:191][688]LogPakFile: Registered encryption key '00000000000000000000000000000000': 0 pak files mounted, 0 remain pending
[2020.04.27-11.49.16:191][688]LogPakFile: Registered encryption key '00000000000000000000000000000000': 0 pak files mounted, 0 remain pending
[2020.04.27-11.49.16:192][688]LogPakFile: Registered encryption key '00000000000000000000000000000000': 0 pak files mounted, 0 remain pending
[2020.04.27-11.49.16:192][688]LogPakFile: Registered encryption key '00000000000000000000000000000000': 0 pak files mounted, 0 remain pending
[2020.04.27-11.49.16:192][688]LogPakFile: Registered encryption key '00000000000000000000000000000000': 0 pak files mounted, 0 remain pending
[2020.04.27-11.49.16:193][688]LogPakFile: Registered encryption key '00000000000000000000000000000000': 0 pak files mounted, 0 remain pending
[2020.04.27-11.49.16:193][688]LogPakFile: Registered encryption key '00000000000000000000000000000000': 0 pak files mounted, 0 remain pending
[2020.04.27-11.49.16:193][688]LogPakFile: Registered encryption key '00000000000000000000000000000000': 0 pak files mounted, 0 remain pending
[2020.04.27-11.49.16:211][688]LogContentBrowser: Native class hierarchy updated for 'AddContentDialog' in 0.0002 seconds. Added 0 classes and 0 folders.
[2020.04.27-11.49.16:216][688]LogSlate: Took 0.000163 seconds to synchronously load lazily loaded font '../../../Engine/Content/Editor/Slate/Fonts/FontAwesome.ttf' (139K)
[2020.04.27-11.49.16:230][688]LogSlate: Took 0.001064 seconds to synchronously load lazily loaded font '../../../Engine/Content/Slate/Fonts/Roboto-Light.ttf' (167K)
[2020.04.27-11.49.38:083][856]LogSlate: FSceneViewport::OnFocusLost() reason 2
